{"/home/travis/build/npmtest/node-npmtest-pigpio/test.js":{"path":"/home/travis/build/npmtest/node-npmtest-pigpio/test.js","s":{"1":2,"2":2,"3":2,"4":2,"5":2,"6":2,"7":2,"8":1,"9":2,"10":2,"11":1,"12":1,"13":1,"14":1,"15":2,"16":2,"17":2,"18":2,"19":1,"20":1,"21":2,"22":2,"23":2,"24":1,"25":1,"26":1,"27":1,"28":1,"29":1,"30":1,"31":1,"32":1,"33":1,"34":1,"35":1,"36":1,"37":1,"38":1,"39":2,"40":2,"41":1,"42":2,"43":2,"44":1,"45":2,"46":2,"47":1,"48":2,"49":2,"50":1,"51":1,"52":1,"53":1,"54":1},"b":{"1":[2,1,1,1],"2":[1,1,1,1],"3":[1,1],"4":[1,1],"5":[1,1],"6":[1,1],"7":[1,1],"8":[1,1],"9":[1,1],"10":[1,1,1],"11":[1,1],"12":[1,1],"13":[1,1],"14":[1,1],"15":[1,1],"16":[1,1],"17":[1,1]},"f":{"1":2,"2":2,"3":2,"4":2,"5":2,"6":1,"7":1,"8":1,"9":2,"10":2,"11":2,"12":2,"13":1},"fnMap":{"1":{"name":"(anonymous_1)","line":12,"loc":{"start":{"line":12,"column":1},"end":{"line":12,"column":13}}},"2":{"name":"(anonymous_2)","line":19,"loc":{"start":{"line":19,"column":5},"end":{"line":19,"column":17}}},"3":{"name":"(anonymous_3)","line":23,"loc":{"start":{"line":23,"column":24},"end":{"line":23,"column":36}}},"4":{"name":"(anonymous_4)","line":61,"loc":{"start":{"line":61,"column":5},"end":{"line":61,"column":17}}},"5":{"name":"(anonymous_5)","line":82,"loc":{"start":{"line":82,"column":5},"end":{"line":82,"column":17}}},"6":{"name":"(anonymous_6)","line":91,"loc":{"start":{"line":91,"column":77},"end":{"line":94,"column":10}}},"7":{"name":"(anonymous_7)","line":112,"loc":{"start":{"line":112,"column":83},"end":{"line":115,"column":10}},"skip":true},"8":{"name":"(anonymous_8)","line":123,"loc":{"start":{"line":123,"column":77},"end":{"line":126,"column":10}},"skip":true},"9":{"name":"(anonymous_9)","line":139,"loc":{"start":{"line":139,"column":12},"end":{"line":139,"column":40}},"skip":true},"10":{"name":"(anonymous_10)","line":147,"loc":{"start":{"line":147,"column":77},"end":{"line":150,"column":10}},"skip":true},"11":{"name":"(anonymous_11)","line":158,"loc":{"start":{"line":158,"column":83},"end":{"line":161,"column":10}},"skip":true},"12":{"name":"(anonymous_12)","line":169,"loc":{"start":{"line":169,"column":79},"end":{"line":172,"column":10}},"skip":true},"13":{"name":"(anonymous_13)","line":180,"loc":{"start":{"line":180,"column":75},"end":{"line":183,"column":10}},"skip":true}},"statementMap":{"1":{"start":{"line":12,"column":0},"end":{"line":195,"column":5}},"2":{"start":{"line":14,"column":4},"end":{"line":14,"column":14}},"3":{"start":{"line":19,"column":4},"end":{"line":56,"column":9}},"4":{"start":{"line":21,"column":8},"end":{"line":21,"column":19}},"5":{"start":{"line":23,"column":8},"end":{"line":35,"column":13}},"6":{"start":{"line":24,"column":12},"end":{"line":34,"column":13}},"7":{"start":{"line":25,"column":16},"end":{"line":28,"column":30}},"8":{"start":{"line":30,"column":16},"end":{"line":33,"column":27}},"9":{"start":{"line":37,"column":8},"end":{"line":39,"column":21}},"10":{"start":{"line":40,"column":8},"end":{"line":53,"column":9}},"11":{"start":{"line":43,"column":12},"end":{"line":46,"column":14}},"12":{"start":{"line":47,"column":12},"end":{"line":47,"column":18}},"13":{"start":{"line":50,"column":12},"end":{"line":51,"column":33}},"14":{"start":{"line":52,"column":12},"end":{"line":52,"column":18}},"15":{"start":{"line":55,"column":8},"end":{"line":55,"column":35}},"16":{"start":{"line":61,"column":4},"end":{"line":63,"column":9}},"17":{"start":{"line":62,"column":8},"end":{"line":62,"column":15}},"18":{"start":{"line":64,"column":4},"end":{"line":77,"column":5}},"19":{"start":{"line":70,"column":8},"end":{"line":70,"column":14}},"20":{"start":{"line":76,"column":8},"end":{"line":76,"column":14}},"21":{"start":{"line":82,"column":4},"end":{"line":84,"column":9}},"22":{"start":{"line":83,"column":8},"end":{"line":83,"column":15}},"23":{"start":{"line":85,"column":4},"end":{"line":194,"column":5}},"24":{"start":{"line":91,"column":8},"end":{"line":99,"column":10}},"25":{"start":{"line":98,"column":12},"end":{"line":98,"column":35}},"26":{"start":{"line":102,"column":8},"end":{"line":104,"column":63}},"27":{"start":{"line":105,"column":8},"end":{"line":105,"column":14}},"28":{"start":{"line":112,"column":8},"end":{"line":121,"column":10},"skip":true},"29":{"start":{"line":119,"column":12},"end":{"line":119,"column":55},"skip":true},"30":{"start":{"line":120,"column":12},"end":{"line":120,"column":48},"skip":true},"31":{"start":{"line":123,"column":8},"end":{"line":136,"column":10},"skip":true},"32":{"start":{"line":130,"column":12},"end":{"line":130,"column":76},"skip":true},"33":{"start":{"line":131,"column":12},"end":{"line":131,"column":73},"skip":true},"34":{"start":{"line":132,"column":12},"end":{"line":132,"column":74},"skip":true},"35":{"start":{"line":133,"column":12},"end":{"line":133,"column":79},"skip":true},"36":{"start":{"line":134,"column":12},"end":{"line":134,"column":25},"skip":true},"37":{"start":{"line":135,"column":12},"end":{"line":135,"column":45},"skip":true},"38":{"start":{"line":138,"column":8},"end":{"line":145,"column":14},"skip":true},"39":{"start":{"line":143,"column":16},"end":{"line":143,"column":29},"skip":true},"40":{"start":{"line":144,"column":16},"end":{"line":144,"column":55},"skip":true},"41":{"start":{"line":147,"column":8},"end":{"line":156,"column":10},"skip":true},"42":{"start":{"line":154,"column":12},"end":{"line":154,"column":25},"skip":true},"43":{"start":{"line":155,"column":12},"end":{"line":155,"column":45},"skip":true},"44":{"start":{"line":158,"column":8},"end":{"line":167,"column":10},"skip":true},"45":{"start":{"line":165,"column":12},"end":{"line":165,"column":25},"skip":true},"46":{"start":{"line":166,"column":12},"end":{"line":166,"column":48},"skip":true},"47":{"start":{"line":169,"column":8},"end":{"line":178,"column":10},"skip":true},"48":{"start":{"line":176,"column":12},"end":{"line":176,"column":25},"skip":true},"49":{"start":{"line":177,"column":12},"end":{"line":177,"column":46},"skip":true},"50":{"start":{"line":180,"column":8},"end":{"line":189,"column":10},"skip":true},"51":{"start":{"line":187,"column":12},"end":{"line":187,"column":94},"skip":true},"52":{"start":{"line":188,"column":12},"end":{"line":188,"column":48},"skip":true},"53":{"start":{"line":192,"column":8},"end":{"line":192,"column":35},"skip":true},"54":{"start":{"line":193,"column":8},"end":{"line":193,"column":14},"skip":true}},"branchMap":{"1":{"line":25,"type":"binary-expr","locations":[{"start":{"line":25,"column":23},"end":{"line":25,"column":62}},{"start":{"line":26,"column":20},"end":{"line":26,"column":70}},{"start":{"line":27,"column":20},"end":{"line":27,"column":71}},{"start":{"line":28,"column":20},"end":{"line":28,"column":29}}]},"2":{"line":30,"type":"binary-expr","locations":[{"start":{"line":30,"column":23},"end":{"line":30,"column":37}},{"start":{"line":31,"column":20},"end":{"line":31,"column":61}},{"start":{"line":32,"column":20},"end":{"line":32,"column":70}},{"start":{"line":33,"column":20},"end":{"line":33,"column":26}}]},"3":{"line":37,"type":"cond-expr","locations":[{"start":{"line":38,"column":14},"end":{"line":38,"column":20}},{"start":{"line":39,"column":14},"end":{"line":39,"column":20}}]},"4":{"line":40,"type":"switch","locations":[{"start":{"line":42,"column":8},"end":{"line":47,"column":18}},{"start":{"line":49,"column":8},"end":{"line":52,"column":18}}]},"5":{"line":44,"type":"binary-expr","locations":[{"start":{"line":44,"column":16},"end":{"line":44,"column":44}},{"start":{"line":44,"column":48},"end":{"line":44,"column":66}}]},"6":{"line":50,"type":"binary-expr","locations":[{"start":{"line":50,"column":21},"end":{"line":50,"column":49}},{"start":{"line":50,"column":53},"end":{"line":50,"column":72}}]},"7":{"line":64,"type":"switch","locations":[{"start":{"line":69,"column":4},"end":{"line":70,"column":14}},{"start":{"line":75,"column":4},"end":{"line":76,"column":14}}]},"8":{"line":85,"type":"switch","locations":[{"start":{"line":90,"column":4},"end":{"line":105,"column":14}},{"start":{"line":111,"column":4},"end":{"line":193,"column":14},"skip":true}]},"9":{"line":91,"type":"binary-expr","locations":[{"start":{"line":91,"column":42},"end":{"line":91,"column":73}},{"start":{"line":91,"column":77},"end":{"line":99,"column":9}}]},"10":{"line":102,"type":"binary-expr","locations":[{"start":{"line":102,"column":18},"end":{"line":102,"column":32}},{"start":{"line":103,"column":12},"end":{"line":103,"column":53}},{"start":{"line":104,"column":12},"end":{"line":104,"column":61}}]},"11":{"line":112,"type":"binary-expr","locations":[{"start":{"line":112,"column":45},"end":{"line":112,"column":79},"skip":true},{"start":{"line":112,"column":83},"end":{"line":121,"column":9},"skip":true}]},"12":{"line":123,"type":"binary-expr","locations":[{"start":{"line":123,"column":42},"end":{"line":123,"column":73},"skip":true},{"start":{"line":123,"column":77},"end":{"line":136,"column":9},"skip":true}]},"13":{"line":138,"type":"binary-expr","locations":[{"start":{"line":138,"column":48},"end":{"line":138,"column":85},"skip":true},{"start":{"line":139,"column":12},"end":{"line":145,"column":13},"skip":true}]},"14":{"line":147,"type":"binary-expr","locations":[{"start":{"line":147,"column":42},"end":{"line":147,"column":73},"skip":true},{"start":{"line":147,"column":77},"end":{"line":156,"column":9},"skip":true}]},"15":{"line":158,"type":"binary-expr","locations":[{"start":{"line":158,"column":45},"end":{"line":158,"column":79},"skip":true},{"start":{"line":158,"column":83},"end":{"line":167,"column":9},"skip":true}]},"16":{"line":169,"type":"binary-expr","locations":[{"start":{"line":169,"column":43},"end":{"line":169,"column":75},"skip":true},{"start":{"line":169,"column":79},"end":{"line":178,"column":9},"skip":true}]},"17":{"line":180,"type":"binary-expr","locations":[{"start":{"line":180,"column":41},"end":{"line":180,"column":71},"skip":true},{"start":{"line":180,"column":75},"end":{"line":189,"column":9},"skip":true}]}},"code":["/* istanbul instrument in package npmtest_pigpio */","/*jslint","    bitwise: true,","    browser: true,","    maxerr: 8,","    maxlen: 96,","    node: true,","    nomen: true,","    regexp: true,","    stupid: true","*/","(function () {","    'use strict';","    var local;","","","","    // run shared js-env code - pre-init","    (function () {","        // init local","        local = {};","        // init modeJs","        local.modeJs = (function () {","            try {","                return typeof navigator.userAgent === 'string' &&","                    typeof document.querySelector('body') === 'object' &&","                    typeof XMLHttpRequest.prototype.open === 'function' &&","                    'browser';","            } catch (errorCaughtBrowser) {","                return module.exports &&","                    typeof process.versions.node === 'string' &&","                    typeof require('http').createServer === 'function' &&","                    'node';","            }","        }());","        // init global","        local.global = local.modeJs === 'browser'","            ? window","            : global;","        switch (local.modeJs) {","        // re-init local from window.local","        case 'browser':","            local = local.global.utility2.objectSetDefault(","                local.global.utility2_rollup || local.global.local,","                local.global.utility2","            );","            break;","        // re-init local from example.js","        case 'node':","            local = (local.global.utility2_rollup || require('utility2'))","                .requireReadme();","            break;","        }","        // export local","        local.global.local = local;","    }());","","","","    // run shared js-env code - function","    (function () {","        return;","    }());","    switch (local.modeJs) {","","","","    // run browser js-env code - function","    case 'browser':","        break;","","","","    // run node js-env code - function","    case 'node':","        break;","    }","","","","    // run shared js-env code - post-init","    (function () {","        return;","    }());","    switch (local.modeJs) {","","","","    // run browser js-env code - post-init","    case 'browser':","        local.testCase_browser_nullCase = local.testCase_browser_nullCase || function (","            options,","            onError","        ) {","        /*","         * this function will test browsers's null-case handling-behavior-behavior","         */","            onError(null, options);","        };","","        // run tests","        local.nop(local.modeTest &&","            document.querySelector('#testRunButton1') &&","            document.querySelector('#testRunButton1').click());","        break;","","","","    // run node js-env code - post-init","    /* istanbul ignore next */","    case 'node':","        local.testCase_buildApidoc_default = local.testCase_buildApidoc_default || function (","            options,","            onError","        ) {","        /*","         * this function will test buildApidoc's default handling-behavior-behavior","         */","            options = { modulePathList: module.paths };","            local.buildApidoc(options, onError);","        };","","        local.testCase_buildApp_default = local.testCase_buildApp_default || function (","            options,","            onError","        ) {","        /*","         * this function will test buildApp's default handling-behavior-behavior","         */","            local.testCase_buildReadme_default(options, local.onErrorThrow);","            local.testCase_buildLib_default(options, local.onErrorThrow);","            local.testCase_buildTest_default(options, local.onErrorThrow);","            local.testCase_buildCustomOrg_default(options, local.onErrorThrow);","            options = [];","            local.buildApp(options, onError);","        };","","        local.testCase_buildCustomOrg_default = local.testCase_buildCustomOrg_default ||","            function (options, onError) {","            /*","             * this function will test buildCustomOrg's default handling-behavior","             */","                options = {};","                local.buildCustomOrg(options, onError);","            };","","        local.testCase_buildLib_default = local.testCase_buildLib_default || function (","            options,","            onError","        ) {","        /*","         * this function will test buildLib's default handling-behavior","         */","            options = {};","            local.buildLib(options, onError);","        };","","        local.testCase_buildReadme_default = local.testCase_buildReadme_default || function (","            options,","            onError","        ) {","        /*","         * this function will test buildReadme's default handling-behavior-behavior","         */","            options = {};","            local.buildReadme(options, onError);","        };","","        local.testCase_buildTest_default = local.testCase_buildTest_default || function (","            options,","            onError","        ) {","        /*","         * this function will test buildTest's default handling-behavior","         */","            options = {};","            local.buildTest(options, onError);","        };","","        local.testCase_webpage_default = local.testCase_webpage_default || function (","            options,","            onError","        ) {","        /*","         * this function will test webpage's default handling-behavior","         */","            options = { modeCoverageMerge: true, url: local.serverLocalHost + '?modeTest=1' };","            local.browserTest(options, onError);","        };","","        // run test-server","        local.testRunServer(local);","        break;","    }","}());",""],"l":{"12":2,"14":2,"19":2,"21":2,"23":2,"24":2,"25":2,"30":1,"37":2,"40":2,"43":1,"47":1,"50":1,"52":1,"55":2,"61":2,"62":2,"64":2,"70":1,"76":1,"82":2,"83":2,"85":2,"91":1,"98":1,"102":1,"105":1,"112":1,"119":1,"120":1,"123":1,"130":1,"131":1,"132":1,"133":1,"134":1,"135":1,"138":1,"143":2,"144":2,"147":1,"154":2,"155":2,"158":1,"165":2,"166":2,"169":1,"176":2,"177":2,"180":1,"187":1,"188":1,"192":1,"193":1}},"/home/travis/build/npmtest/node-npmtest-pigpio/lib.npmtest_pigpio.js":{"path":"/home/travis/build/npmtest/node-npmtest-pigpio/lib.npmtest_pigpio.js","s":{"1":2,"2":2,"3":2,"4":2,"5":2,"6":2,"7":2,"8":1,"9":2,"10":2,"11":2,"12":2,"13":1,"14":1,"15":1,"16":1},"b":{"1":[2,1,1,1],"2":[1,1,1,1],"3":[1,1],"4":[2,2],"5":[1,1]},"f":{"1":2,"2":2,"3":2},"fnMap":{"1":{"name":"(anonymous_1)","line":12,"loc":{"start":{"line":12,"column":1},"end":{"line":12,"column":13}}},"2":{"name":"(anonymous_2)","line":19,"loc":{"start":{"line":19,"column":5},"end":{"line":19,"column":17}}},"3":{"name":"(anonymous_3)","line":23,"loc":{"start":{"line":23,"column":24},"end":{"line":23,"column":36}}}},"statementMap":{"1":{"start":{"line":12,"column":0},"end":{"line":53,"column":5}},"2":{"start":{"line":14,"column":4},"end":{"line":14,"column":14}},"3":{"start":{"line":19,"column":4},"end":{"line":52,"column":9}},"4":{"start":{"line":21,"column":8},"end":{"line":21,"column":19}},"5":{"start":{"line":23,"column":8},"end":{"line":35,"column":13}},"6":{"start":{"line":24,"column":12},"end":{"line":34,"column":13}},"7":{"start":{"line":25,"column":16},"end":{"line":28,"column":30}},"8":{"start":{"line":30,"column":16},"end":{"line":33,"column":27}},"9":{"start":{"line":37,"column":8},"end":{"line":39,"column":21}},"10":{"start":{"line":41,"column":8},"end":{"line":41,"column":54}},"11":{"start":{"line":43,"column":8},"end":{"line":43,"column":51}},"12":{"start":{"line":45,"column":8},"end":{"line":51,"column":9}},"13":{"start":{"line":46,"column":12},"end":{"line":46,"column":57}},"14":{"start":{"line":48,"column":12},"end":{"line":48,"column":35}},"15":{"start":{"line":49,"column":12},"end":{"line":49,"column":49}},"16":{"start":{"line":50,"column":12},"end":{"line":50,"column":43}}},"branchMap":{"1":{"line":25,"type":"binary-expr","locations":[{"start":{"line":25,"column":23},"end":{"line":25,"column":62}},{"start":{"line":26,"column":20},"end":{"line":26,"column":70}},{"start":{"line":27,"column":20},"end":{"line":27,"column":71}},{"start":{"line":28,"column":20},"end":{"line":28,"column":29}}]},"2":{"line":30,"type":"binary-expr","locations":[{"start":{"line":30,"column":23},"end":{"line":30,"column":37}},{"start":{"line":31,"column":20},"end":{"line":31,"column":61}},{"start":{"line":32,"column":20},"end":{"line":32,"column":70}},{"start":{"line":33,"column":20},"end":{"line":33,"column":26}}]},"3":{"line":37,"type":"cond-expr","locations":[{"start":{"line":38,"column":14},"end":{"line":38,"column":20}},{"start":{"line":39,"column":14},"end":{"line":39,"column":20}}]},"4":{"line":41,"type":"binary-expr","locations":[{"start":{"line":41,"column":16},"end":{"line":41,"column":44}},{"start":{"line":41,"column":48},"end":{"line":41,"column":53}}]},"5":{"line":45,"type":"if","locations":[{"start":{"line":45,"column":8},"end":{"line":45,"column":8}},{"start":{"line":45,"column":8},"end":{"line":45,"column":8}}]}},"code":["/* istanbul instrument in package npmtest_pigpio */","/*jslint","    bitwise: true,","    browser: true,","    maxerr: 8,","    maxlen: 96,","    node: true,","    nomen: true,","    regexp: true,","    stupid: true","*/","(function () {","    'use strict';","    var local;","","","","    // run shared js-env code - pre-init","    (function () {","        // init local","        local = {};","        // init modeJs","        local.modeJs = (function () {","            try {","                return typeof navigator.userAgent === 'string' &&","                    typeof document.querySelector('body') === 'object' &&","                    typeof XMLHttpRequest.prototype.open === 'function' &&","                    'browser';","            } catch (errorCaughtBrowser) {","                return module.exports &&","                    typeof process.versions.node === 'string' &&","                    typeof require('http').createServer === 'function' &&","                    'node';","            }","        }());","        // init global","        local.global = local.modeJs === 'browser'","            ? window","            : global;","        // init utility2_rollup","        local = local.global.utility2_rollup || local;","        // init lib","        local.local = local.npmtest_pigpio = local;","        // init exports","        if (local.modeJs === 'browser') {","            local.global.utility2_npmtest_pigpio = local;","        } else {","            module.exports = local;","            module.exports.__dirname = __dirname;","            module.exports.module = module;","        }","    }());","}());",""],"l":{"12":2,"14":2,"19":2,"21":2,"23":2,"24":2,"25":2,"30":1,"37":2,"41":2,"43":2,"45":2,"46":1,"48":1,"49":1,"50":1}},"/home/travis/build/npmtest/node-npmtest-pigpio/example.js":{"path":"/home/travis/build/npmtest/node-npmtest-pigpio/example.js","s":{"1":2,"2":2,"3":2,"4":2,"5":2,"6":2,"7":2,"8":1,"9":2,"10":2,"11":2,"12":2,"13":1,"14":2,"15":2,"16":2,"17":2,"18":2,"19":0,"20":2,"21":1,"22":1,"23":1,"24":1,"25":1,"26":0,"27":0,"28":1,"29":1,"30":2,"31":0,"32":0,"33":0,"34":1,"35":2,"36":2,"37":3,"38":3,"39":3,"40":3,"41":0,"42":3,"43":3,"44":3,"45":1,"46":3,"47":1,"48":1,"49":1,"50":1,"51":1,"52":1,"53":1,"54":1,"55":1,"56":1,"57":0,"58":1,"59":6,"60":6,"61":1,"62":2,"63":0,"64":2,"65":1,"66":1,"67":0,"68":0,"69":0,"70":0,"71":0,"72":0,"73":0,"74":0,"75":0,"76":0,"77":0,"78":0,"79":0,"80":0,"81":0,"82":0,"83":0},"b":{"1":[2,1,1,1],"2":[1,1,1,1],"3":[1,1],"4":[2,2],"5":[1,1],"6":[1,1],"7":[2,0],"8":[2,1,1,1,1,1],"9":[0,2,0],"10":[1,1],"11":[2,1,1],"12":[1,0],"13":[0,2],"14":[2,0,0,0,0,0,0],"15":[0,3],"16":[3,0],"17":[1,1],"18":[0,1],"19":[1,2,0,2],"20":[1,0],"21":[1,1],"22":[0,0],"23":[0,0],"24":[0,0],"25":[0,0],"26":[0,0],"27":[0,0],"28":[0,0]},"f":{"1":2,"2":2,"3":2,"4":2,"5":2,"6":2,"7":3,"8":3,"9":3,"10":1,"11":6,"12":0},"fnMap":{"1":{"name":"(anonymous_1)","line":26,"loc":{"start":{"line":26,"column":1},"end":{"line":26,"column":13}}},"2":{"name":"(anonymous_2)","line":33,"loc":{"start":{"line":33,"column":5},"end":{"line":33,"column":17}}},"3":{"name":"(anonymous_3)","line":37,"loc":{"start":{"line":37,"column":24},"end":{"line":37,"column":36}}},"4":{"name":"(anonymous_4)","line":69,"loc":{"start":{"line":69,"column":31},"end":{"line":69,"column":48}},"skip":true},"5":{"name":"(anonymous_5)","line":78,"loc":{"start":{"line":78,"column":26},"end":{"line":78,"column":45}},"skip":true},"6":{"name":"(anonymous_6)","line":123,"loc":{"start":{"line":123,"column":33},"end":{"line":123,"column":48}},"skip":true},"7":{"name":"(anonymous_7)","line":125,"loc":{"start":{"line":125,"column":27},"end":{"line":125,"column":39}},"skip":true},"8":{"name":"(anonymous_8)","line":133,"loc":{"start":{"line":133,"column":59},"end":{"line":133,"column":74}},"skip":true},"9":{"name":"(anonymous_9)","line":143,"loc":{"start":{"line":143,"column":45},"end":{"line":143,"column":62}},"skip":true},"10":{"name":"(anonymous_10)","line":144,"loc":{"start":{"line":144,"column":73},"end":{"line":144,"column":92}},"skip":true},"11":{"name":"(anonymous_11)","line":272,"loc":{"start":{"line":272,"column":51},"end":{"line":272,"column":77}},"skip":true},"12":{"name":"(anonymous_12)","line":315,"loc":{"start":{"line":315,"column":32},"end":{"line":315,"column":61}},"skip":true}},"statementMap":{"1":{"start":{"line":26,"column":0},"end":{"line":326,"column":5}},"2":{"start":{"line":28,"column":4},"end":{"line":28,"column":14}},"3":{"start":{"line":33,"column":4},"end":{"line":60,"column":9}},"4":{"start":{"line":35,"column":8},"end":{"line":35,"column":19}},"5":{"start":{"line":37,"column":8},"end":{"line":49,"column":13}},"6":{"start":{"line":38,"column":12},"end":{"line":48,"column":13}},"7":{"start":{"line":39,"column":16},"end":{"line":42,"column":30}},"8":{"start":{"line":44,"column":16},"end":{"line":47,"column":27}},"9":{"start":{"line":51,"column":8},"end":{"line":53,"column":21}},"10":{"start":{"line":55,"column":8},"end":{"line":57,"column":45}},"11":{"start":{"line":59,"column":8},"end":{"line":59,"column":35}},"12":{"start":{"line":61,"column":4},"end":{"line":325,"column":5}},"13":{"start":{"line":69,"column":8},"end":{"line":121,"column":10},"skip":true},"14":{"start":{"line":70,"column":12},"end":{"line":88,"column":13},"skip":true},"15":{"start":{"line":76,"column":16},"end":{"line":87,"column":19},"skip":true},"16":{"start":{"line":79,"column":20},"end":{"line":86,"column":21},"skip":true},"17":{"start":{"line":82,"column":24},"end":{"line":82,"column":43},"skip":true},"18":{"start":{"line":83,"column":24},"end":{"line":83,"column":30},"skip":true},"19":{"start":{"line":85,"column":24},"end":{"line":85,"column":49},"skip":true},"20":{"start":{"line":89,"column":12},"end":{"line":107,"column":13},"skip":true},"21":{"start":{"line":92,"column":16},"end":{"line":102,"column":17},"skip":true},"22":{"start":{"line":93,"column":20},"end":{"line":93,"column":86},"skip":true},"23":{"start":{"line":94,"column":20},"end":{"line":95,"column":45},"skip":true},"24":{"start":{"line":96,"column":20},"end":{"line":96,"column":42},"skip":true},"25":{"start":{"line":97,"column":20},"end":{"line":97,"column":48},"skip":true},"26":{"start":{"line":100,"column":20},"end":{"line":100,"column":85},"skip":true},"27":{"start":{"line":101,"column":20},"end":{"line":101,"column":96},"skip":true},"28":{"start":{"line":103,"column":16},"end":{"line":103,"column":22},"skip":true},"29":{"start":{"line":106,"column":16},"end":{"line":106,"column":22},"skip":true},"30":{"start":{"line":108,"column":12},"end":{"line":120,"column":13},"skip":true},"31":{"start":{"line":114,"column":16},"end":{"line":119,"column":17},"skip":true},"32":{"start":{"line":116,"column":20},"end":{"line":116,"column":78},"skip":true},"33":{"start":{"line":118,"column":20},"end":{"line":118,"column":47},"skip":true},"34":{"start":{"line":123,"column":8},"end":{"line":141,"column":11},"skip":true},"35":{"start":{"line":124,"column":12},"end":{"line":124,"column":54},"skip":true},"36":{"start":{"line":125,"column":12},"end":{"line":140,"column":14},"skip":true},"37":{"start":{"line":126,"column":16},"end":{"line":126,"column":28},"skip":true},"38":{"start":{"line":127,"column":16},"end":{"line":127,"column":69},"skip":true},"39":{"start":{"line":128,"column":16},"end":{"line":128,"column":75},"skip":true},"40":{"start":{"line":129,"column":16},"end":{"line":131,"column":17},"skip":true},"41":{"start":{"line":130,"column":20},"end":{"line":130,"column":27},"skip":true},"42":{"start":{"line":133,"column":16},"end":{"line":137,"column":36},"skip":true},"43":{"start":{"line":134,"column":20},"end":{"line":136,"column":55},"skip":true},"44":{"start":{"line":139,"column":16},"end":{"line":139,"column":57},"skip":true},"45":{"start":{"line":143,"column":8},"end":{"line":147,"column":11},"skip":true},"46":{"start":{"line":144,"column":12},"end":{"line":146,"column":15},"skip":true},"47":{"start":{"line":145,"column":16},"end":{"line":145,"column":70},"skip":true},"48":{"start":{"line":149,"column":8},"end":{"line":149,"column":31},"skip":true},"49":{"start":{"line":150,"column":8},"end":{"line":150,"column":14},"skip":true},"50":{"start":{"line":158,"column":8},"end":{"line":158,"column":31},"skip":true},"51":{"start":{"line":160,"column":8},"end":{"line":160,"column":33},"skip":true},"52":{"start":{"line":161,"column":8},"end":{"line":161,"column":37},"skip":true},"53":{"start":{"line":162,"column":8},"end":{"line":162,"column":35},"skip":true},"54":{"start":{"line":164,"column":8},"end":{"line":164,"column":50},"skip":true},"55":{"start":{"line":166,"column":8},"end":{"line":256,"column":2},"skip":true},"56":{"start":{"line":258,"column":8},"end":{"line":286,"column":9},"skip":true},"57":{"start":{"line":259,"column":12},"end":{"line":269,"column":14},"skip":true},"58":{"start":{"line":271,"column":12},"end":{"line":285,"column":19},"skip":true},"59":{"start":{"line":274,"column":20},"end":{"line":274,"column":35},"skip":true},"60":{"start":{"line":275,"column":20},"end":{"line":284,"column":21},"skip":true},"61":{"start":{"line":277,"column":24},"end":{"line":277,"column":64},"skip":true},"62":{"start":{"line":279,"column":24},"end":{"line":279,"column":40},"skip":true},"63":{"start":{"line":281,"column":24},"end":{"line":281,"column":40},"skip":true},"64":{"start":{"line":283,"column":24},"end":{"line":283,"column":39},"skip":true},"65":{"start":{"line":288,"column":8},"end":{"line":290,"column":9},"skip":true},"66":{"start":{"line":289,"column":12},"end":{"line":289,"column":18},"skip":true},"67":{"start":{"line":291,"column":8},"end":{"line":293,"column":54},"skip":true},"68":{"start":{"line":296,"column":8},"end":{"line":301,"column":37},"skip":true},"69":{"start":{"line":303,"column":8},"end":{"line":303,"column":82},"skip":true},"70":{"start":{"line":306,"column":8},"end":{"line":308,"column":9},"skip":true},"71":{"start":{"line":307,"column":12},"end":{"line":307,"column":82},"skip":true},"72":{"start":{"line":310,"column":8},"end":{"line":312,"column":9},"skip":true},"73":{"start":{"line":311,"column":12},"end":{"line":311,"column":18},"skip":true},"74":{"start":{"line":313,"column":8},"end":{"line":313,"column":54},"skip":true},"75":{"start":{"line":314,"column":8},"end":{"line":314,"column":69},"skip":true},"76":{"start":{"line":315,"column":8},"end":{"line":323,"column":36},"skip":true},"77":{"start":{"line":316,"column":12},"end":{"line":316,"column":61},"skip":true},"78":{"start":{"line":317,"column":12},"end":{"line":320,"column":13},"skip":true},"79":{"start":{"line":318,"column":16},"end":{"line":318,"column":75},"skip":true},"80":{"start":{"line":319,"column":16},"end":{"line":319,"column":23},"skip":true},"81":{"start":{"line":321,"column":12},"end":{"line":321,"column":38},"skip":true},"82":{"start":{"line":322,"column":12},"end":{"line":322,"column":27},"skip":true},"83":{"start":{"line":324,"column":8},"end":{"line":324,"column":14},"skip":true}},"branchMap":{"1":{"line":39,"type":"binary-expr","locations":[{"start":{"line":39,"column":23},"end":{"line":39,"column":62}},{"start":{"line":40,"column":20},"end":{"line":40,"column":70}},{"start":{"line":41,"column":20},"end":{"line":41,"column":71}},{"start":{"line":42,"column":20},"end":{"line":42,"column":29}}]},"2":{"line":44,"type":"binary-expr","locations":[{"start":{"line":44,"column":23},"end":{"line":44,"column":37}},{"start":{"line":45,"column":20},"end":{"line":45,"column":61}},{"start":{"line":46,"column":20},"end":{"line":46,"column":70}},{"start":{"line":47,"column":20},"end":{"line":47,"column":26}}]},"3":{"line":51,"type":"cond-expr","locations":[{"start":{"line":52,"column":14},"end":{"line":52,"column":20}},{"start":{"line":53,"column":14},"end":{"line":53,"column":20}}]},"4":{"line":55,"type":"binary-expr","locations":[{"start":{"line":55,"column":16},"end":{"line":55,"column":44}},{"start":{"line":55,"column":49},"end":{"line":57,"column":43}}]},"5":{"line":55,"type":"cond-expr","locations":[{"start":{"line":56,"column":14},"end":{"line":56,"column":50}},{"start":{"line":57,"column":14},"end":{"line":57,"column":43}}]},"6":{"line":61,"type":"switch","locations":[{"start":{"line":68,"column":4},"end":{"line":150,"column":14},"skip":true},{"start":{"line":156,"column":4},"end":{"line":324,"column":14},"skip":true}]},"7":{"line":70,"type":"if","locations":[{"start":{"line":70,"column":12},"end":{"line":70,"column":12},"skip":true},{"start":{"line":70,"column":12},"end":{"line":70,"column":12},"skip":true}]},"8":{"line":70,"type":"binary-expr","locations":[{"start":{"line":70,"column":16},"end":{"line":70,"column":22},"skip":true},{"start":{"line":70,"column":27},"end":{"line":70,"column":32},"skip":true},{"start":{"line":71,"column":20},"end":{"line":71,"column":39},"skip":true},{"start":{"line":72,"column":20},"end":{"line":72,"column":49},"skip":true},{"start":{"line":73,"column":20},"end":{"line":73,"column":58},"skip":true},{"start":{"line":74,"column":20},"end":{"line":74,"column":69},"skip":true}]},"9":{"line":79,"type":"switch","locations":[{"start":{"line":80,"column":20},"end":{"line":80,"column":33},"skip":true},{"start":{"line":81,"column":20},"end":{"line":83,"column":30},"skip":true},{"start":{"line":84,"column":20},"end":{"line":85,"column":49},"skip":true}]},"10":{"line":89,"type":"switch","locations":[{"start":{"line":90,"column":12},"end":{"line":103,"column":22},"skip":true},{"start":{"line":105,"column":12},"end":{"line":106,"column":22},"skip":true}]},"11":{"line":89,"type":"binary-expr","locations":[{"start":{"line":89,"column":20},"end":{"line":89,"column":25},"skip":true},{"start":{"line":89,"column":29},"end":{"line":89,"column":48},"skip":true},{"start":{"line":89,"column":52},"end":{"line":89,"column":74},"skip":true}]},"12":{"line":92,"type":"if","locations":[{"start":{"line":92,"column":16},"end":{"line":92,"column":16},"skip":true},{"start":{"line":92,"column":16},"end":{"line":92,"column":16},"skip":true}]},"13":{"line":108,"type":"if","locations":[{"start":{"line":108,"column":12},"end":{"line":108,"column":12},"skip":true},{"start":{"line":108,"column":12},"end":{"line":108,"column":12},"skip":true}]},"14":{"line":108,"type":"binary-expr","locations":[{"start":{"line":108,"column":16},"end":{"line":108,"column":61},"skip":true},{"start":{"line":108,"column":66},"end":{"line":108,"column":72},"skip":true},{"start":{"line":108,"column":77},"end":{"line":108,"column":82},"skip":true},{"start":{"line":109,"column":20},"end":{"line":109,"column":39},"skip":true},{"start":{"line":110,"column":20},"end":{"line":110,"column":49},"skip":true},{"start":{"line":111,"column":20},"end":{"line":111,"column":58},"skip":true},{"start":{"line":112,"column":20},"end":{"line":112,"column":68},"skip":true}]},"15":{"line":129,"type":"if","locations":[{"start":{"line":129,"column":16},"end":{"line":129,"column":16},"skip":true},{"start":{"line":129,"column":16},"end":{"line":129,"column":16},"skip":true}]},"16":{"line":134,"type":"cond-expr","locations":[{"start":{"line":135,"column":26},"end":{"line":135,"column":29},"skip":true},{"start":{"line":136,"column":26},"end":{"line":136,"column":54},"skip":true}]},"17":{"line":164,"type":"binary-expr","locations":[{"start":{"line":164,"column":27},"end":{"line":164,"column":43},"skip":true},{"start":{"line":164,"column":47},"end":{"line":164,"column":49},"skip":true}]},"18":{"line":258,"type":"if","locations":[{"start":{"line":258,"column":8},"end":{"line":258,"column":8},"skip":true},{"start":{"line":258,"column":8},"end":{"line":258,"column":8},"skip":true}]},"19":{"line":275,"type":"switch","locations":[{"start":{"line":276,"column":20},"end":{"line":277,"column":64},"skip":true},{"start":{"line":278,"column":20},"end":{"line":279,"column":40},"skip":true},{"start":{"line":280,"column":20},"end":{"line":281,"column":40},"skip":true},{"start":{"line":282,"column":20},"end":{"line":283,"column":39},"skip":true}]},"20":{"line":288,"type":"if","locations":[{"start":{"line":288,"column":8},"end":{"line":288,"column":8},"skip":true},{"start":{"line":288,"column":8},"end":{"line":288,"column":8},"skip":true}]},"21":{"line":288,"type":"binary-expr","locations":[{"start":{"line":288,"column":12},"end":{"line":288,"column":40},"skip":true},{"start":{"line":288,"column":44},"end":{"line":288,"column":67},"skip":true}]},"22":{"line":292,"type":"binary-expr","locations":[{"start":{"line":292,"column":12},"end":{"line":292,"column":50},"skip":true},{"start":{"line":293,"column":12},"end":{"line":293,"column":53},"skip":true}]},"23":{"line":297,"type":"binary-expr","locations":[{"start":{"line":297,"column":12},"end":{"line":297,"column":64},"skip":true},{"start":{"line":298,"column":12},"end":{"line":301,"column":36},"skip":true}]},"24":{"line":303,"type":"binary-expr","locations":[{"start":{"line":303,"column":43},"end":{"line":303,"column":75},"skip":true},{"start":{"line":303,"column":79},"end":{"line":303,"column":81},"skip":true}]},"25":{"line":306,"type":"if","locations":[{"start":{"line":306,"column":8},"end":{"line":306,"column":8},"skip":true},{"start":{"line":306,"column":8},"end":{"line":306,"column":8},"skip":true}]},"26":{"line":310,"type":"if","locations":[{"start":{"line":310,"column":8},"end":{"line":310,"column":8},"skip":true},{"start":{"line":310,"column":8},"end":{"line":310,"column":8},"skip":true}]},"27":{"line":313,"type":"binary-expr","locations":[{"start":{"line":313,"column":27},"end":{"line":313,"column":43},"skip":true},{"start":{"line":313,"column":47},"end":{"line":313,"column":53},"skip":true}]},"28":{"line":317,"type":"if","locations":[{"start":{"line":317,"column":12},"end":{"line":317,"column":12},"skip":true},{"start":{"line":317,"column":12},"end":{"line":317,"column":12},"skip":true}]}},"code":["/*","example.js","","quickstart example","","instruction","    1. save this script as example.js","    2. run the shell command:","        $ npm install npmtest-pigpio && PORT=8081 node example.js","    3. play with the browser-demo on http://127.0.0.1:8081","*/","","","","/* istanbul instrument in package npmtest_pigpio */","/*jslint","    bitwise: true,","    browser: true,","    maxerr: 8,","    maxlen: 96,","    node: true,","    nomen: true,","    regexp: true,","    stupid: true","*/","(function () {","    'use strict';","    var local;","","","","    // run shared js-env code - pre-init","    (function () {","        // init local","        local = {};","        // init modeJs","        local.modeJs = (function () {","            try {","                return typeof navigator.userAgent === 'string' &&","                    typeof document.querySelector('body') === 'object' &&","                    typeof XMLHttpRequest.prototype.open === 'function' &&","                    'browser';","            } catch (errorCaughtBrowser) {","                return module.exports &&","                    typeof process.versions.node === 'string' &&","                    typeof require('http').createServer === 'function' &&","                    'node';","            }","        }());","        // init global","        local.global = local.modeJs === 'browser'","            ? window","            : global;","        // init utility2_rollup","        local = local.global.utility2_rollup || (local.modeJs === 'browser'","            ? local.global.utility2_npmtest_pigpio","            : global.utility2_moduleExports);","        // export local","        local.global.local = local;","    }());","    switch (local.modeJs) {","","","","    // post-init","    // run browser js-env code - post-init","    /* istanbul ignore next */","    case 'browser':","        local.testRunBrowser = function (event) {","            if (!event || (event &&","                    event.currentTarget &&","                    event.currentTarget.className &&","                    event.currentTarget.className.includes &&","                    event.currentTarget.className.includes('onreset'))) {","                // reset output","                Array.from(","                    document.querySelectorAll('body > .resettable')","                ).forEach(function (element) {","                    switch (element.tagName) {","                    case 'INPUT':","                    case 'TEXTAREA':","                        element.value = '';","                        break;","                    default:","                        element.textContent = '';","                    }","                });","            }","            switch (event && event.currentTarget && event.currentTarget.id) {","            case 'testRunButton1':","                // show tests","                if (document.querySelector('#testReportDiv1').style.display === 'none') {","                    document.querySelector('#testReportDiv1').style.display = 'block';","                    document.querySelector('#testRunButton1').textContent =","                        'hide internal test';","                    local.modeTest = true;","                    local.testRunDefault(local);","                // hide tests","                } else {","                    document.querySelector('#testReportDiv1').style.display = 'none';","                    document.querySelector('#testRunButton1').textContent = 'run internal test';","                }","                break;","            // custom-case","            default:","                break;","            }","            if (document.querySelector('#inputTextareaEval1') && (!event || (event &&","                    event.currentTarget &&","                    event.currentTarget.className &&","                    event.currentTarget.className.includes &&","                    event.currentTarget.className.includes('oneval')))) {","                // try to eval input-code","                try {","                    /*jslint evil: true*/","                    eval(document.querySelector('#inputTextareaEval1').value);","                } catch (errorCaught) {","                    console.error(errorCaught);","                }","            }","        };","        // log stderr and stdout to #outputTextareaStdout1","        ['error', 'log'].forEach(function (key) {","            console[key + '_original'] = console[key];","            console[key] = function () {","                var element;","                console[key + '_original'].apply(console, arguments);","                element = document.querySelector('#outputTextareaStdout1');","                if (!element) {","                    return;","                }","                // append text to #outputTextareaStdout1","                element.value += Array.from(arguments).map(function (arg) {","                    return typeof arg === 'string'","                        ? arg","                        : JSON.stringify(arg, null, 4);","                }).join(' ') + '\\n';","                // scroll textarea to bottom","                element.scrollTop = element.scrollHeight;","            };","        });","        // init event-handling","        ['change', 'click', 'keyup'].forEach(function (event) {","            Array.from(document.querySelectorAll('.on' + event)).forEach(function (element) {","                element.addEventListener(event, local.testRunBrowser);","            });","        });","        // run tests","        local.testRunBrowser();","        break;","","","","    // run node js-env code - post-init","    /* istanbul ignore next */","    case 'node':","        // export local","        module.exports = local;","        // require modules","        local.fs = require('fs');","        local.http = require('http');","        local.url = require('url');","        // init assets","        local.assetsDict = local.assetsDict || {};","        /* jslint-ignore-begin */","        local.assetsDict['/assets.index.template.html'] = '\\","<!doctype html>\\n\\","<html lang=\"en\">\\n\\","<head>\\n\\","<meta charset=\"UTF-8\">\\n\\","<meta name=\"viewport\" content=\"width=device-width, initial-scale=1\">\\n\\","<title>{{env.npm_package_name}} (v{{env.npm_package_version}})</title>\\n\\","<style>\\n\\","/*csslint\\n\\","    box-sizing: false,\\n\\","    universal-selector: false\\n\\","*/\\n\\","* {\\n\\","    box-sizing: border-box;\\n\\","}\\n\\","body {\\n\\","    background: #dde;\\n\\","    font-family: Arial, Helvetica, sans-serif;\\n\\","    margin: 2rem;\\n\\","}\\n\\","body > * {\\n\\","    margin-bottom: 1rem;\\n\\","}\\n\\",".utility2FooterDiv {\\n\\","    margin-top: 20px;\\n\\","    text-align: center;\\n\\","}\\n\\","</style>\\n\\","<style>\\n\\","/*csslint\\n\\","*/\\n\\","textarea {\\n\\","    font-family: monospace;\\n\\","    height: 10rem;\\n\\","    width: 100%;\\n\\","}\\n\\","textarea[readonly] {\\n\\","    background: #ddd;\\n\\","}\\n\\","</style>\\n\\","</head>\\n\\","<body>\\n\\","<!-- utility2-comment\\n\\","<div id=\"ajaxProgressDiv1\" style=\"background: #d00; height: 2px; left: 0; margin: 0; padding: 0; position: fixed; top: 0; transition: background 0.5s, width 1.5s; width: 25%;\"></div>\\n\\","utility2-comment -->\\n\\","<h1>\\n\\","<!-- utility2-comment\\n\\","    <a\\n\\","        {{#if env.npm_package_homepage}}\\n\\","        href=\"{{env.npm_package_homepage}}\"\\n\\","        {{/if env.npm_package_homepage}}\\n\\","        target=\"_blank\"\\n\\","    >\\n\\","utility2-comment -->\\n\\","        {{env.npm_package_name}} (v{{env.npm_package_version}})\\n\\","<!-- utility2-comment\\n\\","    </a>\\n\\","utility2-comment -->\\n\\","</h1>\\n\\","<h3>{{env.npm_package_description}}</h3>\\n\\","<!-- utility2-comment\\n\\","<h4><a download href=\"assets.app.js\">download standalone app</a></h4>\\n\\","<button class=\"onclick onreset\" id=\"testRunButton1\">run internal test</button><br>\\n\\","<div id=\"testReportDiv1\" style=\"display: none;\"></div>\\n\\","utility2-comment -->\\n\\","\\n\\","\\n\\","\\n\\","<label>stderr and stdout</label>\\n\\","<textarea class=\"resettable\" id=\"outputTextareaStdout1\" readonly></textarea>\\n\\","<!-- utility2-comment\\n\\","{{#if isRollup}}\\n\\","<script src=\"assets.app.js\"></script>\\n\\","{{#unless isRollup}}\\n\\","utility2-comment -->\\n\\","<script src=\"assets.utility2.rollup.js\"></script>\\n\\","<script src=\"jsonp.utility2._stateInit?callback=window.utility2._stateInit\"></script>\\n\\","<script src=\"assets.npmtest_pigpio.rollup.js\"></script>\\n\\","<script src=\"assets.example.js\"></script>\\n\\","<script src=\"assets.test.js\"></script>\\n\\","<!-- utility2-comment\\n\\","{{/if isRollup}}\\n\\","utility2-comment -->\\n\\","<div class=\"utility2FooterDiv\">\\n\\","    [ this app was created with\\n\\","    <a href=\"https://github.com/kaizhu256/node-utility2\" target=\"_blank\">utility2</a>\\n\\","    ]\\n\\","</div>\\n\\","</body>\\n\\","</html>\\n\\","';","        /* jslint-ignore-end */","        if (local.templateRender) {","            local.assetsDict['/'] = local.templateRender(","                local.assetsDict['/assets.index.template.html'],","                {","                    env: local.objectSetDefault(local.env, {","                        npm_package_description: 'the greatest app in the world!',","                        npm_package_name: 'my-app',","                        npm_package_nameAlias: 'my_app',","                        npm_package_version: '0.0.1'","                    })","                }","            );","        } else {","            local.assetsDict['/'] = local.assetsDict['/assets.index.template.html']","                .replace((/\\{\\{env\\.(\\w+?)\\}\\}/g), function (match0, match1) {","                    // jslint-hack","                    String(match0);","                    switch (match1) {","                    case 'npm_package_description':","                        return 'the greatest app in the world!';","                    case 'npm_package_name':","                        return 'my-app';","                    case 'npm_package_nameAlias':","                        return 'my_app';","                    case 'npm_package_version':","                        return '0.0.1';","                    }","                });","        }","        // run the cli","        if (local.global.utility2_rollup || module !== require.main) {","            break;","        }","        local.assetsDict['/assets.example.js'] =","            local.assetsDict['/assets.example.js'] ||","            local.fs.readFileSync(__filename, 'utf8');","        // bug-workaround - long $npm_package_buildCustomOrg","        /* jslint-ignore-begin */","        local.assetsDict['/assets.npmtest_pigpio.rollup.js'] =","            local.assetsDict['/assets.npmtest_pigpio.rollup.js'] ||","            local.fs.readFileSync(","                local.npmtest_pigpio.__dirname + '/lib.npmtest_pigpio.js',","                'utf8'","            ).replace((/^#!/), '//');","        /* jslint-ignore-end */","        local.assetsDict['/favicon.ico'] = local.assetsDict['/favicon.ico'] || '';","        // if $npm_config_timeout_exit exists,","        // then exit this process after $npm_config_timeout_exit ms","        if (Number(process.env.npm_config_timeout_exit)) {","            setTimeout(process.exit, Number(process.env.npm_config_timeout_exit));","        }","        // start server","        if (local.global.utility2_serverHttp1) {","            break;","        }","        process.env.PORT = process.env.PORT || '8081';","        console.error('server starting on port ' + process.env.PORT);","        local.http.createServer(function (request, response) {","            request.urlParsed = local.url.parse(request.url);","            if (local.assetsDict[request.urlParsed.pathname] !== undefined) {","                response.end(local.assetsDict[request.urlParsed.pathname]);","                return;","            }","            response.statusCode = 404;","            response.end();","        }).listen(process.env.PORT);","        break;","    }","}());",""],"l":{"26":2,"28":2,"33":2,"35":2,"37":2,"38":2,"39":2,"44":1,"51":2,"55":2,"59":2,"61":2,"69":1,"70":2,"76":2,"79":2,"82":2,"83":2,"85":1,"89":2,"92":1,"93":1,"94":1,"96":1,"97":1,"100":1,"101":1,"103":1,"106":1,"108":2,"114":1,"116":1,"118":1,"123":1,"124":2,"125":2,"126":3,"127":3,"128":3,"129":3,"130":1,"133":3,"134":3,"139":3,"143":1,"144":3,"145":1,"149":1,"150":1,"158":1,"160":1,"161":1,"162":1,"164":1,"166":1,"258":1,"259":1,"271":1,"274":6,"275":6,"277":1,"279":2,"281":1,"283":2,"288":1,"289":1,"291":1,"296":1,"303":1,"306":1,"307":1,"310":1,"311":1,"313":1,"314":1,"315":1,"316":1,"317":1,"318":1,"319":1,"321":1,"322":1,"324":1}},"/home/travis/build/npmtest/node-npmtest-pigpio/node_modules/pigpio/pigpio.js":{"path":"/home/travis/build/npmtest/node-npmtest-pigpio/node_modules/pigpio/pigpio.js","s":{"1":2,"2":1,"3":0,"4":0,"5":0,"6":1,"7":0,"8":0,"9":0,"10":0,"11":0,"12":0,"13":0,"14":0,"15":0,"16":0,"17":0,"18":0,"19":0,"20":0,"21":0,"22":0,"23":0,"24":0,"25":0,"26":0,"27":0,"28":0,"29":0,"30":0,"31":0,"32":0,"33":0,"34":0,"35":0,"36":0,"37":0,"38":0,"39":0,"40":0,"41":0,"42":0,"43":0,"44":0,"45":0,"46":0,"47":0,"48":0,"49":0,"50":0,"51":0,"52":0,"53":0,"54":0,"55":0,"56":0,"57":0,"58":0,"59":0,"60":0,"61":0,"62":0,"63":0,"64":0,"65":0,"66":0,"67":0,"68":0,"69":0,"70":0,"71":0,"72":0,"73":0,"74":0,"75":0,"76":0,"77":0,"78":0,"79":0,"80":0,"81":0,"82":0,"83":0,"84":0,"85":0,"86":0,"87":0,"88":0,"89":0,"90":0,"91":0,"92":0,"93":0,"94":0,"95":0,"96":0,"97":0,"98":0,"99":0,"100":1,"101":0,"102":0,"103":0,"104":0,"105":0,"106":0,"107":0,"108":0,"109":0,"110":0,"111":0,"112":0,"113":0,"114":0,"115":0,"116":0,"117":0,"118":0,"119":0,"120":0,"121":0,"122":0,"123":0,"124":0,"125":0,"126":0,"127":0,"128":1,"129":0,"130":0,"131":0,"132":0,"133":0,"134":0,"135":0,"136":0,"137":0,"138":0,"139":0,"140":0,"141":0,"142":0,"143":0,"144":0,"145":0,"146":0,"147":0,"148":0,"149":0,"150":0,"151":0,"152":0,"153":0,"154":0,"155":0,"156":0,"157":0,"158":0,"159":0,"160":0},"b":{"1":[0,0],"2":[0,0],"3":[0,0],"4":[0,0],"5":[0,0],"6":[0,0],"7":[0,0],"8":[0,0],"9":[0,0],"10":[0,0],"11":[0,0],"12":[0,0],"13":[0,0],"14":[0,0],"15":[0,0],"16":[0,0],"17":[0,0],"18":[0,0],"19":[0,0],"20":[0,0],"21":[0,0]},"f":{"1":0,"2":0,"3":0,"4":0,"5":0,"6":0,"7":0,"8":0,"9":0,"10":0,"11":0,"12":0,"13":0,"14":0,"15":0,"16":0,"17":0,"18":0,"19":0,"20":0,"21":0,"22":0,"23":0,"24":0,"25":0,"26":0,"27":0,"28":0,"29":0,"30":0,"31":0,"32":0,"33":0,"34":0,"35":0,"36":0,"37":0,"38":0},"fnMap":{"1":{"name":"initializePigpio","line":9,"loc":{"start":{"line":9,"column":0},"end":{"line":9,"column":28}}},"2":{"name":"Gpio","line":20,"loc":{"start":{"line":20,"column":0},"end":{"line":20,"column":29}}},"3":{"name":"(anonymous_3)","line":55,"loc":{"start":{"line":55,"column":22},"end":{"line":55,"column":38}}},"4":{"name":"(anonymous_4)","line":62,"loc":{"start":{"line":62,"column":25},"end":{"line":62,"column":37}}},"5":{"name":"(anonymous_5)","line":66,"loc":{"start":{"line":66,"column":28},"end":{"line":66,"column":43}}},"6":{"name":"(anonymous_6)","line":71,"loc":{"start":{"line":71,"column":29},"end":{"line":71,"column":41}}},"7":{"name":"(anonymous_7)","line":75,"loc":{"start":{"line":75,"column":30},"end":{"line":75,"column":47}}},"8":{"name":"(anonymous_8)","line":80,"loc":{"start":{"line":80,"column":25},"end":{"line":80,"column":52}}},"9":{"name":"(anonymous_9)","line":85,"loc":{"start":{"line":85,"column":26},"end":{"line":85,"column":47}}},"10":{"name":"(anonymous_10)","line":91,"loc":{"start":{"line":91,"column":34},"end":{"line":91,"column":66}}},"11":{"name":"(anonymous_11)","line":96,"loc":{"start":{"line":96,"column":33},"end":{"line":96,"column":45}}},"12":{"name":"(anonymous_12)","line":100,"loc":{"start":{"line":100,"column":26},"end":{"line":100,"column":43}}},"13":{"name":"(anonymous_13)","line":105,"loc":{"start":{"line":105,"column":29},"end":{"line":105,"column":41}}},"14":{"name":"(anonymous_14)","line":109,"loc":{"start":{"line":109,"column":33},"end":{"line":109,"column":45}}},"15":{"name":"(anonymous_15)","line":113,"loc":{"start":{"line":113,"column":30},"end":{"line":113,"column":51}}},"16":{"name":"(anonymous_16)","line":118,"loc":{"start":{"line":118,"column":33},"end":{"line":118,"column":45}}},"17":{"name":"(anonymous_17)","line":122,"loc":{"start":{"line":122,"column":28},"end":{"line":122,"column":50}}},"18":{"name":"(anonymous_18)","line":127,"loc":{"start":{"line":127,"column":36},"end":{"line":127,"column":48}}},"19":{"name":"(anonymous_19)","line":131,"loc":{"start":{"line":131,"column":33},"end":{"line":131,"column":58}}},"20":{"name":"(anonymous_20)","line":132,"loc":{"start":{"line":132,"column":16},"end":{"line":132,"column":45}}},"21":{"name":"(anonymous_21)","line":141,"loc":{"start":{"line":141,"column":34},"end":{"line":141,"column":46}}},"22":{"name":"(anonymous_22)","line":146,"loc":{"start":{"line":146,"column":29},"end":{"line":146,"column":41}}},"23":{"name":"(anonymous_23)","line":147,"loc":{"start":{"line":147,"column":16},"end":{"line":147,"column":45}}},"24":{"name":"(anonymous_24)","line":155,"loc":{"start":{"line":155,"column":30},"end":{"line":155,"column":42}}},"25":{"name":"GpioBank","line":192,"loc":{"start":{"line":192,"column":0},"end":{"line":192,"column":24}}},"26":{"name":"(anonymous_26)","line":204,"loc":{"start":{"line":204,"column":26},"end":{"line":204,"column":38}}},"27":{"name":"(anonymous_27)","line":212,"loc":{"start":{"line":212,"column":25},"end":{"line":212,"column":41}}},"28":{"name":"(anonymous_28)","line":222,"loc":{"start":{"line":222,"column":27},"end":{"line":222,"column":43}}},"29":{"name":"(anonymous_29)","line":232,"loc":{"start":{"line":232,"column":26},"end":{"line":232,"column":38}}},"30":{"name":"Notifier","line":245,"loc":{"start":{"line":245,"column":0},"end":{"line":245,"column":27}}},"31":{"name":"(anonymous_31)","line":270,"loc":{"start":{"line":270,"column":27},"end":{"line":270,"column":43}}},"32":{"name":"(anonymous_32)","line":275,"loc":{"start":{"line":275,"column":26},"end":{"line":275,"column":38}}},"33":{"name":"(anonymous_33)","line":280,"loc":{"start":{"line":280,"column":27},"end":{"line":280,"column":39}}},"34":{"name":"(anonymous_34)","line":284,"loc":{"start":{"line":284,"column":28},"end":{"line":284,"column":40}}},"35":{"name":"(anonymous_35)","line":295,"loc":{"start":{"line":295,"column":34},"end":{"line":295,"column":46}}},"36":{"name":"(anonymous_36)","line":299,"loc":{"start":{"line":299,"column":28},"end":{"line":299,"column":40}}},"37":{"name":"(anonymous_37)","line":303,"loc":{"start":{"line":303,"column":27},"end":{"line":303,"column":39}}},"38":{"name":"(anonymous_38)","line":307,"loc":{"start":{"line":307,"column":32},"end":{"line":307,"column":68}}}},"statementMap":{"1":{"start":{"line":3,"column":0},"end":{"line":7,"column":22}},"2":{"start":{"line":9,"column":0},"end":{"line":14,"column":1}},"3":{"start":{"line":10,"column":2},"end":{"line":13,"column":3}},"4":{"start":{"line":11,"column":4},"end":{"line":11,"column":28}},"5":{"start":{"line":12,"column":4},"end":{"line":12,"column":23}},"6":{"start":{"line":20,"column":0},"end":{"line":50,"column":1}},"7":{"start":{"line":21,"column":2},"end":{"line":23,"column":3}},"8":{"start":{"line":22,"column":4},"end":{"line":22,"column":35}},"9":{"start":{"line":25,"column":2},"end":{"line":25,"column":21}},"10":{"start":{"line":27,"column":2},"end":{"line":27,"column":26}},"11":{"start":{"line":29,"column":2},"end":{"line":29,"column":20}},"12":{"start":{"line":31,"column":2},"end":{"line":33,"column":3}},"13":{"start":{"line":32,"column":4},"end":{"line":32,"column":28}},"14":{"start":{"line":35,"column":2},"end":{"line":37,"column":3}},"15":{"start":{"line":36,"column":4},"end":{"line":36,"column":40}},"16":{"start":{"line":39,"column":2},"end":{"line":43,"column":3}},"17":{"start":{"line":40,"column":4},"end":{"line":42,"column":6}},"18":{"start":{"line":45,"column":2},"end":{"line":47,"column":3}},"19":{"start":{"line":46,"column":4},"end":{"line":46,"column":23}},"20":{"start":{"line":49,"column":2},"end":{"line":49,"column":26}},"21":{"start":{"line":52,"column":0},"end":{"line":52,"column":34}},"22":{"start":{"line":53,"column":0},"end":{"line":53,"column":27}},"23":{"start":{"line":55,"column":0},"end":{"line":60,"column":2}},"24":{"start":{"line":58,"column":2},"end":{"line":58,"column":39}},"25":{"start":{"line":59,"column":2},"end":{"line":59,"column":14}},"26":{"start":{"line":62,"column":0},"end":{"line":64,"column":2}},"27":{"start":{"line":63,"column":2},"end":{"line":63,"column":39}},"28":{"start":{"line":66,"column":0},"end":{"line":69,"column":2}},"29":{"start":{"line":67,"column":2},"end":{"line":67,"column":44}},"30":{"start":{"line":68,"column":2},"end":{"line":68,"column":14}},"31":{"start":{"line":71,"column":0},"end":{"line":73,"column":2}},"32":{"start":{"line":72,"column":2},"end":{"line":72,"column":36}},"33":{"start":{"line":75,"column":0},"end":{"line":78,"column":2}},"34":{"start":{"line":76,"column":2},"end":{"line":76,"column":38}},"35":{"start":{"line":77,"column":2},"end":{"line":77,"column":14}},"36":{"start":{"line":80,"column":0},"end":{"line":83,"column":2}},"37":{"start":{"line":81,"column":2},"end":{"line":81,"column":51}},"38":{"start":{"line":82,"column":2},"end":{"line":82,"column":14}},"39":{"start":{"line":85,"column":0},"end":{"line":88,"column":2}},"40":{"start":{"line":86,"column":2},"end":{"line":86,"column":40}},"41":{"start":{"line":87,"column":2},"end":{"line":87,"column":14}},"42":{"start":{"line":89,"column":0},"end":{"line":89,"column":53}},"43":{"start":{"line":91,"column":0},"end":{"line":94,"column":2}},"44":{"start":{"line":92,"column":2},"end":{"line":92,"column":60}},"45":{"start":{"line":93,"column":2},"end":{"line":93,"column":14}},"46":{"start":{"line":96,"column":0},"end":{"line":98,"column":2}},"47":{"start":{"line":97,"column":2},"end":{"line":97,"column":47}},"48":{"start":{"line":100,"column":0},"end":{"line":103,"column":2}},"49":{"start":{"line":101,"column":2},"end":{"line":101,"column":44}},"50":{"start":{"line":102,"column":2},"end":{"line":102,"column":14}},"51":{"start":{"line":105,"column":0},"end":{"line":107,"column":2}},"52":{"start":{"line":106,"column":2},"end":{"line":106,"column":43}},"53":{"start":{"line":109,"column":0},"end":{"line":111,"column":2}},"54":{"start":{"line":110,"column":2},"end":{"line":110,"column":47}},"55":{"start":{"line":113,"column":0},"end":{"line":116,"column":2}},"56":{"start":{"line":114,"column":2},"end":{"line":114,"column":52}},"57":{"start":{"line":115,"column":2},"end":{"line":115,"column":14}},"58":{"start":{"line":118,"column":0},"end":{"line":120,"column":2}},"59":{"start":{"line":119,"column":2},"end":{"line":119,"column":47}},"60":{"start":{"line":122,"column":0},"end":{"line":125,"column":2}},"61":{"start":{"line":123,"column":2},"end":{"line":123,"column":43}},"62":{"start":{"line":124,"column":2},"end":{"line":124,"column":14}},"63":{"start":{"line":127,"column":0},"end":{"line":129,"column":2}},"64":{"start":{"line":128,"column":2},"end":{"line":128,"column":50}},"65":{"start":{"line":131,"column":0},"end":{"line":139,"column":2}},"66":{"start":{"line":132,"column":2},"end":{"line":134,"column":15}},"67":{"start":{"line":133,"column":4},"end":{"line":133,"column":34}},"68":{"start":{"line":136,"column":2},"end":{"line":136,"column":25}},"69":{"start":{"line":137,"column":2},"end":{"line":137,"column":61}},"70":{"start":{"line":138,"column":2},"end":{"line":138,"column":14}},"71":{"start":{"line":141,"column":0},"end":{"line":144,"column":2}},"72":{"start":{"line":142,"column":2},"end":{"line":142,"column":56}},"73":{"start":{"line":143,"column":2},"end":{"line":143,"column":14}},"74":{"start":{"line":146,"column":0},"end":{"line":153,"column":2}},"75":{"start":{"line":147,"column":2},"end":{"line":149,"column":15}},"76":{"start":{"line":148,"column":4},"end":{"line":148,"column":36}},"77":{"start":{"line":151,"column":2},"end":{"line":151,"column":46}},"78":{"start":{"line":152,"column":2},"end":{"line":152,"column":14}},"79":{"start":{"line":155,"column":0},"end":{"line":158,"column":2}},"80":{"start":{"line":156,"column":2},"end":{"line":156,"column":37}},"81":{"start":{"line":157,"column":2},"end":{"line":157,"column":14}},"82":{"start":{"line":161,"column":0},"end":{"line":161,"column":15}},"83":{"start":{"line":162,"column":0},"end":{"line":162,"column":16}},"84":{"start":{"line":163,"column":0},"end":{"line":163,"column":14}},"85":{"start":{"line":164,"column":0},"end":{"line":164,"column":14}},"86":{"start":{"line":165,"column":0},"end":{"line":165,"column":14}},"87":{"start":{"line":166,"column":0},"end":{"line":166,"column":14}},"88":{"start":{"line":167,"column":0},"end":{"line":167,"column":14}},"89":{"start":{"line":168,"column":0},"end":{"line":168,"column":14}},"90":{"start":{"line":171,"column":0},"end":{"line":171,"column":17}},"91":{"start":{"line":172,"column":0},"end":{"line":172,"column":18}},"92":{"start":{"line":173,"column":0},"end":{"line":173,"column":16}},"93":{"start":{"line":176,"column":0},"end":{"line":176,"column":21}},"94":{"start":{"line":177,"column":0},"end":{"line":177,"column":22}},"95":{"start":{"line":178,"column":0},"end":{"line":178,"column":21}},"96":{"start":{"line":181,"column":0},"end":{"line":181,"column":17}},"97":{"start":{"line":184,"column":0},"end":{"line":184,"column":18}},"98":{"start":{"line":185,"column":0},"end":{"line":185,"column":19}},"99":{"start":{"line":186,"column":0},"end":{"line":186,"column":24}},"100":{"start":{"line":192,"column":0},"end":{"line":200,"column":1}},"101":{"start":{"line":193,"column":2},"end":{"line":195,"column":3}},"102":{"start":{"line":194,"column":4},"end":{"line":194,"column":30}},"103":{"start":{"line":197,"column":2},"end":{"line":197,"column":21}},"104":{"start":{"line":199,"column":2},"end":{"line":199,"column":40}},"105":{"start":{"line":202,"column":0},"end":{"line":202,"column":35}},"106":{"start":{"line":204,"column":0},"end":{"line":210,"column":2}},"107":{"start":{"line":205,"column":2},"end":{"line":209,"column":3}},"108":{"start":{"line":206,"column":4},"end":{"line":206,"column":38}},"109":{"start":{"line":207,"column":9},"end":{"line":209,"column":3}},"110":{"start":{"line":208,"column":4},"end":{"line":208,"column":39}},"111":{"start":{"line":212,"column":0},"end":{"line":220,"column":2}},"112":{"start":{"line":213,"column":2},"end":{"line":217,"column":3}},"113":{"start":{"line":214,"column":4},"end":{"line":214,"column":40}},"114":{"start":{"line":215,"column":9},"end":{"line":217,"column":3}},"115":{"start":{"line":216,"column":4},"end":{"line":216,"column":41}},"116":{"start":{"line":219,"column":2},"end":{"line":219,"column":14}},"117":{"start":{"line":222,"column":0},"end":{"line":230,"column":2}},"118":{"start":{"line":223,"column":2},"end":{"line":227,"column":3}},"119":{"start":{"line":224,"column":4},"end":{"line":224,"column":42}},"120":{"start":{"line":225,"column":9},"end":{"line":227,"column":3}},"121":{"start":{"line":226,"column":4},"end":{"line":226,"column":43}},"122":{"start":{"line":229,"column":2},"end":{"line":229,"column":14}},"123":{"start":{"line":232,"column":0},"end":{"line":234,"column":2}},"124":{"start":{"line":233,"column":2},"end":{"line":233,"column":21}},"125":{"start":{"line":236,"column":0},"end":{"line":236,"column":19}},"126":{"start":{"line":237,"column":0},"end":{"line":237,"column":19}},"127":{"start":{"line":243,"column":0},"end":{"line":243,"column":50}},"128":{"start":{"line":245,"column":0},"end":{"line":266,"column":1}},"129":{"start":{"line":246,"column":2},"end":{"line":248,"column":3}},"130":{"start":{"line":247,"column":4},"end":{"line":247,"column":33}},"131":{"start":{"line":250,"column":2},"end":{"line":250,"column":21}},"132":{"start":{"line":252,"column":2},"end":{"line":252,"column":26}},"133":{"start":{"line":254,"column":2},"end":{"line":254,"column":55}},"134":{"start":{"line":258,"column":2},"end":{"line":261,"column":7}},"135":{"start":{"line":263,"column":2},"end":{"line":265,"column":3}},"136":{"start":{"line":264,"column":4},"end":{"line":264,"column":29}},"137":{"start":{"line":268,"column":0},"end":{"line":268,"column":35}},"138":{"start":{"line":270,"column":0},"end":{"line":273,"column":2}},"139":{"start":{"line":271,"column":2},"end":{"line":271,"column":45}},"140":{"start":{"line":272,"column":2},"end":{"line":272,"column":14}},"141":{"start":{"line":275,"column":0},"end":{"line":278,"column":2}},"142":{"start":{"line":276,"column":2},"end":{"line":276,"column":38}},"143":{"start":{"line":277,"column":2},"end":{"line":277,"column":14}},"144":{"start":{"line":280,"column":0},"end":{"line":282,"column":2}},"145":{"start":{"line":281,"column":2},"end":{"line":281,"column":38}},"146":{"start":{"line":284,"column":0},"end":{"line":286,"column":2}},"147":{"start":{"line":285,"column":2},"end":{"line":285,"column":33}},"148":{"start":{"line":288,"column":0},"end":{"line":288,"column":34}},"149":{"start":{"line":289,"column":0},"end":{"line":289,"column":38}},"150":{"start":{"line":295,"column":0},"end":{"line":297,"column":2}},"151":{"start":{"line":296,"column":2},"end":{"line":296,"column":39}},"152":{"start":{"line":299,"column":0},"end":{"line":301,"column":2}},"153":{"start":{"line":300,"column":2},"end":{"line":300,"column":21}},"154":{"start":{"line":303,"column":0},"end":{"line":305,"column":2}},"155":{"start":{"line":304,"column":2},"end":{"line":304,"column":25}},"156":{"start":{"line":307,"column":0},"end":{"line":310,"column":2}},"157":{"start":{"line":308,"column":2},"end":{"line":308,"column":50}},"158":{"start":{"line":309,"column":2},"end":{"line":309,"column":21}},"159":{"start":{"line":312,"column":0},"end":{"line":312,"column":29}},"160":{"start":{"line":313,"column":0},"end":{"line":313,"column":29}}},"branchMap":{"1":{"line":10,"type":"if","locations":[{"start":{"line":10,"column":2},"end":{"line":10,"column":2}},{"start":{"line":10,"column":2},"end":{"line":10,"column":2}}]},"2":{"line":21,"type":"if","locations":[{"start":{"line":21,"column":2},"end":{"line":21,"column":2}},{"start":{"line":21,"column":2},"end":{"line":21,"column":2}}]},"3":{"line":27,"type":"binary-expr","locations":[{"start":{"line":27,"column":12},"end":{"line":27,"column":19}},{"start":{"line":27,"column":23},"end":{"line":27,"column":25}}]},"4":{"line":31,"type":"if","locations":[{"start":{"line":31,"column":2},"end":{"line":31,"column":2}},{"start":{"line":31,"column":2},"end":{"line":31,"column":2}}]},"5":{"line":35,"type":"if","locations":[{"start":{"line":35,"column":2},"end":{"line":35,"column":2}},{"start":{"line":35,"column":2},"end":{"line":35,"column":2}}]},"6":{"line":39,"type":"if","locations":[{"start":{"line":39,"column":2},"end":{"line":39,"column":2}},{"start":{"line":39,"column":2},"end":{"line":39,"column":2}}]},"7":{"line":41,"type":"cond-expr","locations":[{"start":{"line":41,"column":44},"end":{"line":41,"column":59}},{"start":{"line":41,"column":62},"end":{"line":41,"column":63}}]},"8":{"line":45,"type":"if","locations":[{"start":{"line":45,"column":2},"end":{"line":45,"column":2}},{"start":{"line":45,"column":2},"end":{"line":45,"column":2}}]},"9":{"line":45,"type":"binary-expr","locations":[{"start":{"line":45,"column":6},"end":{"line":45,"column":40}},{"start":{"line":45,"column":44},"end":{"line":45,"column":57}}]},"10":{"line":136,"type":"binary-expr","locations":[{"start":{"line":136,"column":12},"end":{"line":136,"column":19}},{"start":{"line":136,"column":23},"end":{"line":136,"column":24}}]},"11":{"line":193,"type":"if","locations":[{"start":{"line":193,"column":2},"end":{"line":193,"column":2}},{"start":{"line":193,"column":2},"end":{"line":193,"column":2}}]},"12":{"line":199,"type":"binary-expr","locations":[{"start":{"line":199,"column":16},"end":{"line":199,"column":21}},{"start":{"line":199,"column":25},"end":{"line":199,"column":39}}]},"13":{"line":205,"type":"if","locations":[{"start":{"line":205,"column":2},"end":{"line":205,"column":2}},{"start":{"line":205,"column":2},"end":{"line":205,"column":2}}]},"14":{"line":207,"type":"if","locations":[{"start":{"line":207,"column":9},"end":{"line":207,"column":9}},{"start":{"line":207,"column":9},"end":{"line":207,"column":9}}]},"15":{"line":213,"type":"if","locations":[{"start":{"line":213,"column":2},"end":{"line":213,"column":2}},{"start":{"line":213,"column":2},"end":{"line":213,"column":2}}]},"16":{"line":215,"type":"if","locations":[{"start":{"line":215,"column":9},"end":{"line":215,"column":9}},{"start":{"line":215,"column":9},"end":{"line":215,"column":9}}]},"17":{"line":223,"type":"if","locations":[{"start":{"line":223,"column":2},"end":{"line":223,"column":2}},{"start":{"line":223,"column":2},"end":{"line":223,"column":2}}]},"18":{"line":225,"type":"if","locations":[{"start":{"line":225,"column":9},"end":{"line":225,"column":9}},{"start":{"line":225,"column":9},"end":{"line":225,"column":9}}]},"19":{"line":246,"type":"if","locations":[{"start":{"line":246,"column":2},"end":{"line":246,"column":2}},{"start":{"line":246,"column":2},"end":{"line":246,"column":2}}]},"20":{"line":252,"type":"binary-expr","locations":[{"start":{"line":252,"column":12},"end":{"line":252,"column":19}},{"start":{"line":252,"column":23},"end":{"line":252,"column":25}}]},"21":{"line":263,"type":"if","locations":[{"start":{"line":263,"column":2},"end":{"line":263,"column":2}},{"start":{"line":263,"column":2},"end":{"line":263,"column":2}}]}},"code":["'use strict';","","var EventEmitter = require('events').EventEmitter,","  fs = require('fs'),","  pigpio = require('bindings')('pigpio.node'),","  util = require('util'),","  initialized = false;","","function initializePigpio() {","  if (!initialized) {","    pigpio.gpioInitialise();","    initialized = true;","  }","}","","/* ------------------------------------------------------------------------ */","/* Gpio                                                                     */","/* ------------------------------------------------------------------------ */","","function Gpio(gpio, options) {","  if (!(this instanceof Gpio)) {","    return new Gpio(gpio, options);","  }","","  initializePigpio();","","  options = options || {};","","  this.gpio = +gpio;","","  if (typeof options.mode === 'number') {","    this.mode(options.mode);","  }","","  if (typeof options.pullUpDown === 'number') {","    this.pullUpDown(options.pullUpDown);","  }","","  if (typeof options.edge === 'number') {","    this.enableInterrupt(options.edge,","      typeof options.timeout === 'number' ? options.timeout : 0","    );","  }","","  if (typeof options.alert === \"boolean\" && options.alert) {","    this.enableAlert();","  }","","  EventEmitter.call(this);","}","","util.inherits(Gpio, EventEmitter);","module.exports.Gpio = Gpio;","","Gpio.prototype.mode = function (mode) {","  // What happens if the mode is INPUT, there is an ISR, and the mode is","  // changed to OUTPUT (or anything else for that matter)?","  pigpio.gpioSetMode(this.gpio, +mode);","  return this;","};","","Gpio.prototype.getMode = function () {","  return pigpio.gpioGetMode(this.gpio);","};","","Gpio.prototype.pullUpDown = function (pud) {","  pigpio.gpioSetPullUpDown(this.gpio, +pud);","  return this;","};","","Gpio.prototype.digitalRead = function () {","  return pigpio.gpioRead(this.gpio);","};","","Gpio.prototype.digitalWrite = function (level) {","  pigpio.gpioWrite(this.gpio, +level);","  return this;","};","","Gpio.prototype.trigger = function (pulseLen, level) {","  pigpio.gpioTrigger(this.gpio, +pulseLen, +level);","  return this;","};","","Gpio.prototype.pwmWrite = function (dutyCycle) {","  pigpio.gpioPWM(this.gpio, +dutyCycle);","  return this;","};","Gpio.prototype.analogWrite = Gpio.prototype.pwmWrite;","","Gpio.prototype.hardwarePwmWrite = function (frequency, dutyCycle) {","  pigpio.gpioHardwarePWM(this.gpio, +frequency, +dutyCycle);","  return this;","};","","Gpio.prototype.getPwmDutyCycle = function () {","  return pigpio.gpioGetPWMdutycycle(this.gpio);","};","","Gpio.prototype.pwmRange = function (range) {","  pigpio.gpioSetPWMrange(this.gpio, +range);","  return this;","};","","Gpio.prototype.getPwmRange = function () {","  return pigpio.gpioGetPWMrange(this.gpio);","};","","Gpio.prototype.getPwmRealRange = function () {","  return pigpio.gpioGetPWMrealRange(this.gpio);","};","","Gpio.prototype.pwmFrequency = function (frequency) {","  pigpio.gpioSetPWMfrequency(this.gpio, +frequency);","  return this;","};","","Gpio.prototype.getPwmFrequency = function () {","  return pigpio.gpioGetPWMfrequency(this.gpio);","};","","Gpio.prototype.servoWrite = function (pulseWidth) {","  pigpio.gpioServo(this.gpio, +pulseWidth);","  return this;","};","","Gpio.prototype.getServoPulseWidth = function () {","  return pigpio.gpioGetServoPulsewidth(this.gpio);","};","","Gpio.prototype.enableInterrupt = function (edge, timeout) {","  var handler = function (gpio, level, tick) {","    this.emit('interrupt', level);","  }.bind(this);","","  timeout = timeout || 0;","  pigpio.gpioSetISRFunc(this.gpio, +edge, +timeout, handler);","  return this;","};","","Gpio.prototype.disableInterrupt = function () {","  pigpio.gpioSetISRFunc(this.gpio, Gpio.EITHER_EDGE, 0);","  return this;","};","","Gpio.prototype.enableAlert = function () {","  var handler = function (gpio, level, tick) {","    this.emit('alert', level, tick);","  }.bind(this);","","  pigpio.gpioSetAlertFunc(this.gpio, handler);","  return this;","};","","Gpio.prototype.disableAlert = function () {","  pigpio.gpioSetAlertFunc(this.gpio);","  return this;","};","","/* mode */","Gpio.INPUT = 0; // PI_INPUT","Gpio.OUTPUT = 1; //PI_OUTPUT;","Gpio.ALT0 = 4; // PI_ALT0;","Gpio.ALT1 = 5; // PI_ALT1;","Gpio.ALT2 = 6; // PI_ALT2;","Gpio.ALT3 = 7; // PI_ALT3;","Gpio.ALT4 = 3; // PI_ALT4;","Gpio.ALT5 = 2; // PI_ALT5;","","/* pud */","Gpio.PUD_OFF = 0; // PI_PUD_OFF;","Gpio.PUD_DOWN = 1; // PI_PUD_DOWN;","Gpio.PUD_UP = 2; // PI_PUD_UP;","","/* isr */","Gpio.RISING_EDGE = 0; // RISING_EDGE;","Gpio.FALLING_EDGE = 1; // FALLING_EDGE;","Gpio.EITHER_EDGE = 2; // EITHER_EDGE;","","/* timeout */","Gpio.TIMEOUT = 2; // PI_TIMEOUT;","","/* gpio numbers */","Gpio.MIN_GPIO = 0; // PI_MIN_GPIO;","Gpio.MAX_GPIO = 53; // PI_MAX_GPIO;","Gpio.MAX_USER_GPIO = 31; // PI_MAX_USER_GPIO;","","/* ------------------------------------------------------------------------ */","/* GpioBank                                                                 */","/* ------------------------------------------------------------------------ */","","function GpioBank(bank) {","  if (!(this instanceof GpioBank)) {","    return new GpioBank(bank);","  }","","  initializePigpio();","","  this.bankNo = +bank || GpioBank.BANK1;","}","","module.exports.GpioBank = GpioBank;","","GpioBank.prototype.read = function () {","  if (this.bankNo === GpioBank.BANK1) {","    return pigpio.GpioReadBits_0_31();","  } else if (this.bankNo === GpioBank.BANK2) {","    return pigpio.GpioReadBits_32_53();","  }","};","","GpioBank.prototype.set = function (bits) {","  if (this.bankNo === GpioBank.BANK1) {","    pigpio.GpioWriteBitsSet_0_31(+bits);","  } else if (this.bankNo === GpioBank.BANK2) {","    pigpio.GpioWriteBitsSet_32_53(+bits);","  }","","  return this;","};","","GpioBank.prototype.clear = function (bits) {","  if (this.bankNo === GpioBank.BANK1) {","    pigpio.GpioWriteBitsClear_0_31(+bits);","  } else if (this.bankNo === GpioBank.BANK2) {","    pigpio.GpioWriteBitsClear_32_53(+bits);","  }","","  return this;","};","","GpioBank.prototype.bank = function () {","  return this.bankNo;","};","","GpioBank.BANK1 = 1;","GpioBank.BANK2 = 2;","","/* ------------------------------------------------------------------------ */","/* Notifier                                                                 */","/* ------------------------------------------------------------------------ */","","var NOTIFICATION_PIPE_PATH_PREFIX = '/dev/pigpio';","","function Notifier(options) {","  if (!(this instanceof Notifier)) {","    return new Notifier(options);","  }","","  initializePigpio();","","  options = options || {};","","  this.handle = pigpio.gpioNotifyOpenWithSize(1048576);","","  // set highWaterMark to a multiple of NOTIFICATION_LENGTH to avoid 'data'","  // events being emitted with buffers containing partial notifications.","  this.notificationStream =","    fs.createReadStream(NOTIFICATION_PIPE_PATH_PREFIX + this.handle, {","      highWaterMark: Notifier.NOTIFICATION_LENGTH * 5000","    });","","  if (typeof options.bits === 'number') {","    this.start(options.bits);","  }","}","","module.exports.Notifier = Notifier;","","Notifier.prototype.start = function (bits) {","  pigpio.gpioNotifyBegin(this.handle, +bits);","  return this;","};","","Notifier.prototype.stop = function () {","  pigpio.gpioNotifyPause(this.handle);","  return this;","};","","Notifier.prototype.close = function () {","  pigpio.gpioNotifyClose(this.handle);","};","","Notifier.prototype.stream = function () {","  return this.notificationStream;","};","","Notifier.NOTIFICATION_LENGTH = 12;","Notifier.PI_NTFY_FLAGS_ALIVE = 1 << 6;","","/* ------------------------------------------------------------------------ */","/* Configuration                                                            */","/* ------------------------------------------------------------------------ */","","module.exports.hardwareRevision = function () {","  return pigpio.gpioHardwareRevision();","};","","module.exports.initialize = function () {","  initializePigpio();","};","","module.exports.terminate = function () {","  pigpio.gpioTerminate();","};","","module.exports.configureClock = function (microseconds, peripheral) {","  pigpio.gpioCfgClock(+microseconds, +peripheral);","  initializePigpio();","};","","module.exports.CLOCK_PWM = 0; // PI_CLOCK_PWM;","module.exports.CLOCK_PCM = 1; // PI_CLOCK_PCM;","",""],"l":{"3":2,"9":1,"10":0,"11":0,"12":0,"20":1,"21":0,"22":0,"25":0,"27":0,"29":0,"31":0,"32":0,"35":0,"36":0,"39":0,"40":0,"45":0,"46":0,"49":0,"52":0,"53":0,"55":0,"58":0,"59":0,"62":0,"63":0,"66":0,"67":0,"68":0,"71":0,"72":0,"75":0,"76":0,"77":0,"80":0,"81":0,"82":0,"85":0,"86":0,"87":0,"89":0,"91":0,"92":0,"93":0,"96":0,"97":0,"100":0,"101":0,"102":0,"105":0,"106":0,"109":0,"110":0,"113":0,"114":0,"115":0,"118":0,"119":0,"122":0,"123":0,"124":0,"127":0,"128":0,"131":0,"132":0,"133":0,"136":0,"137":0,"138":0,"141":0,"142":0,"143":0,"146":0,"147":0,"148":0,"151":0,"152":0,"155":0,"156":0,"157":0,"161":0,"162":0,"163":0,"164":0,"165":0,"166":0,"167":0,"168":0,"171":0,"172":0,"173":0,"176":0,"177":0,"178":0,"181":0,"184":0,"185":0,"186":0,"192":1,"193":0,"194":0,"197":0,"199":0,"202":0,"204":0,"205":0,"206":0,"207":0,"208":0,"212":0,"213":0,"214":0,"215":0,"216":0,"219":0,"222":0,"223":0,"224":0,"225":0,"226":0,"229":0,"232":0,"233":0,"236":0,"237":0,"243":0,"245":1,"246":0,"247":0,"250":0,"252":0,"254":0,"258":0,"263":0,"264":0,"268":0,"270":0,"271":0,"272":0,"275":0,"276":0,"277":0,"280":0,"281":0,"284":0,"285":0,"288":0,"289":0,"295":0,"296":0,"299":0,"300":0,"303":0,"304":0,"307":0,"308":0,"309":0,"312":0,"313":0}}}